<?xml version="1.0" encoding="UTF-8"?>
<testng-results skipped="0" failed="0" ignored="0" total="1" passed="1">
  <reporter-output>
  </reporter-output>
  <suite name="Suite" duration-ms="11250" started-at="2022-04-20T04:31:08Z" finished-at="2022-04-20T04:31:19Z">
    <groups>
    </groups>
    <test name="Test" duration-ms="11250" started-at="2022-04-20T04:31:08Z" finished-at="2022-04-20T04:31:19Z">
      <class name="mavenTest.SearchTest">
        <test-method status="PASS" signature="setUp()[pri:0, instance:mavenTest.SearchTest@78dd667e]" name="setUp" is-config="true" duration-ms="2015" started-at="2022-04-20T04:31:08Z" finished-at="2022-04-20T04:31:10Z">
          <reporter-output>
          </reporter-output>
        </test-method> <!-- setUp -->
        <test-method status="PASS" signature="search()[pri:0, instance:mavenTest.SearchTest@78dd667e]" name="search" duration-ms="5038" started-at="2022-04-20T04:31:10Z" finished-at="2022-04-20T04:31:15Z">
          <reporter-output>
          </reporter-output>
        </test-method> <!-- search -->
        <test-method status="PASS" signature="tearDown()[pri:0, instance:mavenTest.SearchTest@78dd667e]" name="tearDown" is-config="true" duration-ms="4178" started-at="2022-04-20T04:31:15Z" finished-at="2022-04-20T04:31:19Z">
          <reporter-output>
          </reporter-output>
        </test-method> <!-- tearDown -->
      </class> <!-- mavenTest.SearchTest -->
    </test> <!-- Test -->
  </suite> <!-- Suite -->
</testng-results>
